SpaceDebris-android/proguard.cfg
-optimizationpasses 5
-dontusemixedcaseclassnames
-dontskipnonpubliclibraryclasses
-dontskipnonpubliclibraryclassmembers
-dontpreverify
-verbose

-dontnote sun.misc.Unsafe
-optimizations !code/simplification/arithmetic,!field/*,!class/merging/*
-dontwarn com.badlogic.gdx.**
-dontwarn com.flurry.**
-dontwarn com.google.common.**

-libraryjars /libs/FlurryAnalytics-5.0.0.jar
-libraryjars /libs/android-support-v4.jar
-libraryjars /libs/bolts-android-1.1.4.jar
-libraryjars /libs/chartboost.jar
-libraryjars /libs/gdx-backend-android-sources.jar
-libraryjars /libs/gdx-backend-android.jar
-libraryjars /libs/Parse-1.8.2.jar
-libraryjars /libs/ParseCrashReporting-1.8.2.jar
-libraryjars /libs/jsr305-3.0.0.jar
-libraryjars /libs/commons-codec.jar
-libraryjars /libs/guava-r09.jar
-libraryjars /libs/sqlcipher.jar


-keepattributes Signature
-keep class com.facebook.model.** { *; }


-keepattributes *Annotation*
-keep public class * extends android.app.Activity
-keep public class * extends android.app.Application
-keep public class * extends android.app.Service
-keep public class * extends android.content.BroadcastReceiver
-keep public class * extends android.content.ContentProvider
-keep public class * extends android.app.backup.BackupAgentHelper
-keep public class * extends android.preference.Preference
-keep public class com.android.vending.licensing.ILicensingService

-keepnames class com.badlogic.gdx.backends.android.AndroidInput*
-keepclassmembers class com.badlogic.gdx.backends.android.AndroidInput* {<init>(...);}

-keepnames class * implements java.io.Serializable
-keepclassmembers class * implements java.io.Serializable {
    static final long serialVersionUID;
    private static final java.io.ObjectStreamField[] serialPersistentFields;
    !static !transient <fields>;
    private void writeObject(java.io.ObjectOutputStream);
    private void readObject(java.io.ObjectInputStream);
    java.lang.Object writeReplace();
    java.lang.Object readResolve();
}




-keep class * extends java.util.ListResourceBundle {
    protected Object[][] getContents();
}

-keep public class com.google.android.gms.common.internal.safeparcel.SafeParcelable {
    public static final *** NULL;
}

-keepnames @com.google.android.gms.common.annotation.KeepName class *
-keepclassmembernames class * {
    @com.google.android.gms.common.annotation.KeepName *;
}

-keepnames class * implements android.os.Parcelable {
    public static final ** CREATOR;
}



-keepclasseswithmembernames class * {
    native <methods>;
}

-keepclasseswithmembers class * {
    public <init>(android.content.Context, android.util.AttributeSet);
}

-keepclasseswithmembers class * {
    public <init>(android.content.Context, android.util.AttributeSet, int);
}

-keepclassmembers class * extends android.app.Activity {
   public void *(android.view.View);
}

-keepclassmembers enum * {
    public static **[] values();
    public static ** valueOf(java.lang.String);
}

-keep class * implements android.os.Parcelable {
  public static final android.os.Parcelable$Creator *;
}

-keep class net.sqlcipher.** { *; }