SpaceDebris-android/proguard/seeds.txt
com.google.android.gms.drive.internal.OnListEntriesResponse
com.google.android.gms.drive.internal.OnListEntriesResponse: android.os.Parcelable$Creator CREATOR
com.google.android.gms.drive.internal.OnListParentsResponse
com.google.android.gms.drive.internal.OnListParentsResponse: android.os.Parcelable$Creator CREATOR
com.google.android.gms.drive.internal.OnLoadRealtimeResponse
com.google.android.gms.drive.internal.OnLoadRealtimeResponse: android.os.Parcelable$Creator CREATOR
com.google.android.gms.drive.internal.OnMetadataResponse
com.google.android.gms.drive.internal.OnMetadataResponse: android.os.Parcelable$Creator CREATOR
com.google.android.gms.drive.internal.OnResourceIdSetResponse
com.google.android.gms.drive.internal.OnResourceIdSetResponse: android.os.Parcelable$Creator CREATOR
com.google.android.gms.drive.internal.OnStorageStatsResponse
com.google.android.gms.drive.internal.OnStorageStatsResponse: android.os.Parcelable$Creator CREATOR
com.google.android.gms.drive.internal.OnSyncMoreResponse
com.google.android.gms.drive.internal.OnSyncMoreResponse: android.os.Parcelable$Creator CREATOR
com.google.android.gms.drive.internal.OpenContentsRequest
com.google.android.gms.drive.internal.OpenContentsRequest: android.os.Parcelable$Creator CREATOR
com.google.android.gms.drive.internal.OpenFileIntentSenderRequest
com.google.android.gms.drive.internal.OpenFileIntentSenderRequest: android.os.Parcelable$Creator CREATOR
com.google.android.gms.drive.internal.QueryRequest
com.google.android.gms.drive.internal.QueryRequest: android.os.Parcelable$Creator CREATOR
com.google.android.gms.drive.internal.RemoveEventListenerRequest
com.google.android.gms.drive.internal.RemoveEventListenerRequest: android.os.Parcelable$Creator CREATOR
com.google.android.gms.drive.internal.SetDrivePreferencesRequest
com.google.android.gms.drive.internal.SetDrivePreferencesRequest: android.os.Parcelable$Creator CREATOR
com.google.android.gms.drive.internal.SetResourceParentsRequest
com.google.android.gms.drive.internal.SetResourceParentsRequest: android.os.Parcelable$Creator CREATOR
com.google.android.gms.drive.internal.TrashResourceRequest
com.google.android.gms.drive.internal.TrashResourceRequest: android.os.Parcelable$Creator CREATOR
com.google.android.gms.drive.internal.UpdateMetadataRequest
com.google.android.gms.drive.internal.UpdateMetadataRequest: android.os.Parcelable$Creator CREATOR
com.google.android.gms.drive.metadata.CustomPropertyKey
com.google.android.gms.drive.metadata.CustomPropertyKey: android.os.Parcelable$Creator CREATOR
com.google.android.gms.drive.metadata.internal.AppVisibleCustomProperties
com.google.android.gms.drive.metadata.internal.AppVisibleCustomProperties: android.os.Parcelable$Creator CREATOR
com.google.android.gms.drive.metadata.internal.CustomProperty
com.google.android.gms.drive.metadata.internal.CustomProperty: android.os.Parcelable$Creator CREATOR
com.google.android.gms.drive.metadata.internal.MetadataBundle
com.google.android.gms.drive.metadata.internal.MetadataBundle: android.os.Parcelable$Creator CREATOR
com.google.android.gms.drive.query.Filter
com.google.android.gms.drive.query.Query
com.google.android.gms.drive.query.Query: android.os.Parcelable$Creator CREATOR
com.google.android.gms.drive.query.SortOrder
com.google.android.gms.drive.query.SortOrder: android.os.Parcelable$Creator CREATOR
com.google.android.gms.drive.query.internal.AbstractFilter
com.google.android.gms.drive.query.internal.ComparisonFilter
com.google.android.gms.drive.query.internal.ComparisonFilter: com.google.android.gms.drive.query.internal.a CREATOR
com.google.android.gms.drive.query.internal.FieldOnlyFilter
com.google.android.gms.drive.query.internal.FieldOnlyFilter: android.os.Parcelable$Creator CREATOR
com.google.android.gms.drive.query.internal.FieldWithSortOrder
com.google.android.gms.drive.query.internal.FieldWithSortOrder: com.google.android.gms.drive.query.internal.c CREATOR