SpaceDebris-android/proguard/mapping.txt
com.chartboost.sdk.impl.al -> com.chartboost.sdk.impl.al:
    android.graphics.Paint a -> a
    android.graphics.Paint b -> b
    android.graphics.Path c -> c
    android.graphics.RectF d -> d
    android.graphics.RectF e -> e
    int f -> f
    float g -> g
    float h -> h
    void a(android.graphics.Canvas) -> a
    void a(int) -> a
    void b(int) -> b
    void c(int) -> c
    void a(float) -> a
    void b(float) -> b
com.chartboost.sdk.impl.am -> com.chartboost.sdk.impl.am:
    com.chartboost.sdk.impl.ai a -> a
    android.widget.LinearLayout b -> b
    com.chartboost.sdk.impl.bk c -> c
    android.widget.TextView d -> d
    com.chartboost.sdk.impl.bl e -> e
    int f -> f
    void a(boolean) -> a
    void a(java.lang.String,int) -> a
    void a() -> a
    com.chartboost.sdk.impl.bl a(com.chartboost.sdk.impl.am) -> a
    com.chartboost.sdk.impl.ai b(com.chartboost.sdk.impl.am) -> b
com.chartboost.sdk.impl.am$1 -> com.chartboost.sdk.impl.ao:
    com.chartboost.sdk.impl.am a -> a
    void a(android.view.MotionEvent) -> a
com.chartboost.sdk.impl.an -> com.chartboost.sdk.impl.an:
    com.chartboost.sdk.impl.ai a -> a
    com.chartboost.sdk.impl.ao b -> b
    com.chartboost.sdk.impl.an$a c -> c
    void a(com.chartboost.sdk.impl.an$a) -> a
    android.view.View a() -> a
    void a(boolean) -> a
    int b() -> b
com.chartboost.sdk.impl.an$1 -> com.chartboost.sdk.impl.ap:
    boolean a -> a
    com.chartboost.sdk.impl.an b -> b
    void run() -> run
com.chartboost.sdk.impl.an$2 -> com.chartboost.sdk.impl.aq:
    int[] a -> a
com.chartboost.sdk.impl.an$a -> com.chartboost.sdk.impl.an$a:
    com.chartboost.sdk.impl.an$a a -> a
    com.chartboost.sdk.impl.an$a b -> b
    com.chartboost.sdk.impl.an$a c -> c
    com.chartboost.sdk.impl.an$a d -> d
    com.chartboost.sdk.impl.an$a[] e -> e
    com.chartboost.sdk.impl.an$a[] values() -> values
    com.chartboost.sdk.impl.an$a valueOf(java.lang.String) -> valueOf
com.chartboost.sdk.impl.ao -> com.chartboost.sdk.impl.ar:
    android.graphics.Paint a -> a
    float b -> b
    int c -> c
    void a$13462e() -> a
    void onDraw(android.graphics.Canvas) -> onDraw
    void b(int) -> a
com.chartboost.sdk.impl.ap -> com.chartboost.sdk.impl.as:
    java.lang.CharSequence a -> a
    android.widget.RelativeLayout b -> b
    com.chartboost.sdk.impl.ao c -> c
    com.chartboost.sdk.impl.ao d -> d
    com.chartboost.sdk.impl.bl e -> e
    android.widget.TextView f -> f
    com.chartboost.sdk.impl.al g -> g
    com.chartboost.sdk.impl.bh h -> h
    com.chartboost.sdk.impl.ai i -> i
    boolean j -> j
    boolean k -> k
    android.os.Handler l -> l
    java.lang.Runnable m -> m
    java.lang.Runnable n -> n
    java.lang.Runnable o -> o
    void setEnabled(boolean) -> setEnabled
    void onDetachedFromWindow() -> onDetachedFromWindow
    boolean onTouchEvent(android.view.MotionEvent) -> onTouchEvent
    void onCompletion(android.media.MediaPlayer) -> onCompletion
    void onPrepared(android.media.MediaPlayer) -> onPrepared
    boolean onError(android.media.MediaPlayer,int,int) -> onError
    void d(boolean) -> c
    void a(boolean,boolean) -> a
    void a(boolean) -> a
    void a() -> a
    com.chartboost.sdk.impl.bh$a b() -> b
    com.chartboost.sdk.impl.al c() -> c
    void a(int) -> a
    void d() -> d
    void c(boolean) -> b
    void a(java.lang.String) -> a
    void e() -> e
    void f() -> f
    void g() -> g
    void h() -> h
    boolean i() -> i
    com.chartboost.sdk.impl.ai a(com.chartboost.sdk.impl.ap) -> a
    void a$2b6da21d(com.chartboost.sdk.impl.ap) -> b
    com.chartboost.sdk.impl.ao b(com.chartboost.sdk.impl.ap) -> c
com.chartboost.sdk.impl.ap$1 -> com.chartboost.sdk.impl.at:
    com.chartboost.sdk.impl.ap a -> a
    void a(android.view.MotionEvent) -> a
com.chartboost.sdk.impl.ap$2 -> com.chartboost.sdk.impl.au:
    com.chartboost.sdk.impl.ap a -> a
    void run() -> run