SpaceDebris-android/proguard/usage.txt
com.google.android.gms.wearable.internal.aw$6
com.google.android.gms.wearable.internal.aw$7
com.google.android.gms.wearable.internal.aw$8
com.google.android.gms.wearable.internal.aw$9
com.google.android.gms.wearable.internal.aw$a
com.google.android.gms.wearable.internal.ax
com.google.android.gms.wearable.internal.b:
    public b(com.google.android.gms.wearable.internal.ax)
com.google.android.gms.wearable.internal.d
com.google.android.gms.wearable.internal.e
com.google.android.gms.wearable.internal.f
com.google.android.gms.wearable.internal.f$1
com.google.android.gms.wearable.internal.f$2
com.google.android.gms.wearable.internal.f$3
com.google.android.gms.wearable.internal.f$4
com.google.android.gms.wearable.internal.f$5
com.google.android.gms.wearable.internal.f$6
com.google.android.gms.wearable.internal.f$7
com.google.android.gms.wearable.internal.f$8
com.google.android.gms.wearable.internal.f$9
com.google.android.gms.wearable.internal.f$a
com.google.android.gms.wearable.internal.f$b
com.google.android.gms.wearable.internal.f$c
com.google.android.gms.wearable.internal.g
com.google.android.gms.wearable.internal.h
com.google.android.gms.wearable.internal.i
com.google.android.gms.wearable.internal.k
com.google.android.gms.wearable.internal.l
com.google.android.gms.wearable.internal.m:
    public boolean isDataValid()
    public com.google.android.gms.wearable.internal.m m(byte[])
    public java.util.Map getAssets()
    public synthetic com.google.android.gms.wearable.DataItem setData(byte[])
com.google.android.gms.wearable.internal.o
com.google.common.annotations.Beta
com.google.common.annotations.GwtCompatible
com.google.common.annotations.GwtIncompatible
com.google.common.annotations.VisibleForTesting
com.google.common.base.Ascii
com.google.common.base.CaseFormat
com.google.common.base.CaseFormat$1
com.google.common.base.CharMatcher
com.google.common.base.CharMatcher$1
com.google.common.base.CharMatcher$10
com.google.common.base.CharMatcher$11
com.google.common.base.CharMatcher$12
com.google.common.base.CharMatcher$13
com.google.common.base.CharMatcher$14
com.google.common.base.CharMatcher$15
com.google.common.base.CharMatcher$2
com.google.common.base.CharMatcher$3
com.google.common.base.CharMatcher$4
com.google.common.base.CharMatcher$5
com.google.common.base.CharMatcher$6
com.google.common.base.CharMatcher$7
com.google.common.base.CharMatcher$8
com.google.common.base.CharMatcher$9
com.google.common.base.CharMatcher$And
com.google.common.base.CharMatcher$LookupTable
com.google.common.base.CharMatcher$Or
com.google.common.base.Charsets
com.google.common.base.Defaults
com.google.common.base.Enums
com.google.common.base.Enums$1
com.google.common.base.Enums$ValueOfFunction
com.google.common.base.Equivalence
com.google.common.base.Equivalences
com.google.common.base.Equivalences$1
com.google.common.base.Equivalences$Impl
com.google.common.base.Equivalences$Impl$1
com.google.common.base.Equivalences$Impl$2
com.google.common.base.FinalizablePhantomReference
com.google.common.base.FinalizableReference
com.google.common.base.FinalizableReferenceQueue
com.google.common.base.FinalizableReferenceQueue$DecoupledLoader
com.google.common.base.FinalizableReferenceQueue$DirectLoader
com.google.common.base.FinalizableReferenceQueue$FinalizerLoader
com.google.common.base.FinalizableReferenceQueue$SystemLoader
com.google.common.base.FinalizableSoftReference
com.google.common.base.FinalizableWeakReference
com.google.common.base.Function
com.google.common.base.Functions
com.google.common.base.Functions$1
com.google.common.base.Functions$ConstantFunction
com.google.common.base.Functions$ForMapWithDefault
com.google.common.base.Functions$FunctionComposition
com.google.common.base.Functions$FunctionForMapNoDefault
com.google.common.base.Functions$IdentityFunction
com.google.common.base.Functions$PredicateFunction
com.google.common.base.Functions$ToStringFunction